<?xml version="1.0" encoding="UTF-8"?>
<!-- Generated by org.testng.reporters.JUnitXMLReporter -->
<testsuite hostname="Hp-PC" ignored="0" name="Test" tests="2" failures="2" timestamp="31 Mar 2018 17:15:31 GMT" time="0.105" errors="0">
  <testcase name="enterEmail" time="0.057" classname="com.learnFramework.scripts.TestValidLogin">
    <failure type="java.lang.NullPointerException">
      <![CDATA[java.lang.NullPointerException
at org.openqa.selenium.support.pagefactory.DefaultElementLocator.findElement(DefaultElementLocator.java:69)
at org.openqa.selenium.support.pagefactory.internal.LocatingElementHandler.invoke(LocatingElementHandler.java:38)
at com.sun.proxy.$Proxy8.sendKeys(Unknown Source)
at com.learnFramework.pompages.GmailEmailIdPage.setEmail(GmailEmailIdPage.java:22)
at com.learnFramework.scripts.TestValidLogin.enterEmail(TestValidLogin.java:12)
... Removed 25 stack frames]]>
    </failure>
  </testcase> <!-- enterEmail -->
  <testcase name="enterPassword" time="0.004" classname="com.learnFramework.scripts.TestValidLogin">
    <failure type="java.lang.NullPointerException">
      <![CDATA[java.lang.NullPointerException
at org.openqa.selenium.support.pagefactory.DefaultElementLocator.findElement(DefaultElementLocator.java:69)
at org.openqa.selenium.support.pagefactory.internal.LocatingElementHandler.invoke(LocatingElementHandler.java:38)
at com.sun.proxy.$Proxy8.sendKeys(Unknown Source)
at com.learnFramework.pompages.GmailPasswordPage.setPassword(GmailPasswordPage.java:19)
at com.learnFramework.scripts.TestValidLogin.enterPassword(TestValidLogin.java:19)
... Removed 25 stack frames]]>
    </failure>
  </testcase> <!-- enterPassword -->
</testsuite> <!-- Test -->
